app/build/intermediates/manifest_merge_blame_file/debug/processDebugMainManifest/manifest-merger-blame-debug-report.txt
1<?xml version="1.0" encoding="utf-8"?>
2<manifest xmlns:android="http://schemas.android.com/apk/res/android"
3    package="com.example.appdeeps"
4    android:versionCode="1"
5    android:versionName="1.0" >
6
7    <uses-sdk
8        android:minSdkVersion="24"
9        android:targetSdkVersion="36" /> <!-- ← CHECK THIS LINE -->
10
11
12    <!-- ADD THIS LINE -->
13    <uses-permission android:name="android.permission.INTERNET" />
13-->src\main\AndroidManifest.xml:7:5-67
13-->src\main\AndroidManifest.xml:7:22-64
14    <uses-permission android:name="android.permission.ACCESS_NETWORK_STATE" />
14-->src\main\AndroidManifest.xml:8:5-79
14-->src\main\AndroidManifest.xml:8:22-76
15    <uses-permission android:name="android.permission.CALL_PHONE" />
15-->src\main\AndroidManifest.xml:9:5-69
15-->src\main\AndroidManifest.xml:9:22-66
16
17    <uses-feature
17-->src\main\AndroidManifest.xml:10:5-88
18        android:name="android.hardware.telephony"
18-->src\main\AndroidManifest.xml:10:19-60
19        android:required="false" />
19-->src\main\AndroidManifest.xml:10:61-85
20
21    <uses-permission android:name="android.permission.WAKE_LOCK" />
21-->[com.google.android.gms:play-services-measurement:21.5.0] AndroidManifest.xml:25:5-68
21-->[com.google.android.gms:play-services-measurement:21.5.0] AndroidManifest.xml:25:22-65
22    <uses-permission android:name="com.google.android.finsky.permission.BIND_GET_INSTALL_REFERRER_SERVICE" />
22-->[com.google.android.gms:play-services-measurement:21.5.0] AndroidManifest.xml:26:5-110
22-->[com.google.android.gms:play-services-measurement:21.5.0] AndroidManifest.xml:26:22-107
23    <uses-permission android:name="com.google.android.gms.permission.AD_ID" />
23-->[com.google.android.gms:play-services-measurement-impl:21.5.0] AndroidManifest.xml:27:5-79
23-->[com.google.android.gms:play-services-measurement-impl:21.5.0] AndroidManifest.xml:27:22-76
24    <uses-permission android:name="android.permission.ACCESS_ADSERVICES_ATTRIBUTION" />
24-->[com.google.android.gms:play-services-measurement-api:21.5.0] AndroidManifest.xml:26:5-88
24-->[com.google.android.gms:play-services-measurement-api:21.5.0] AndroidManifest.xml:26:22-85
25    <uses-permission android:name="android.permission.ACCESS_ADSERVICES_AD_ID" />
25-->[com.google.android.gms:play-services-measurement-api:21.5.0] AndroidManifest.xml:27:5-82
25-->[com.google.android.gms:play-services-measurement-api:21.5.0] AndroidManifest.xml:27:22-79
26
27    <permission
27-->[androidx.core:core:1.17.0] AndroidManifest.xml:22:5-24:47
28        android:name="com.example.appdeeps.DYNAMIC_RECEIVER_NOT_EXPORTED_PERMISSION"
28-->[androidx.core:core:1.17.0] AndroidManifest.xml:23:9-81
29        android:protectionLevel="signature" />
29-->[androidx.core:core:1.17.0] AndroidManifest.xml:24:9-44
30
31    <uses-permission android:name="com.example.appdeeps.DYNAMIC_RECEIVER_NOT_EXPORTED_PERMISSION" />
31-->[androidx.core:core:1.17.0] AndroidManifest.xml:26:5-97
31-->[androidx.core:core:1.17.0] AndroidManifest.xml:26:22-94
32
33    <application
33-->src\main\AndroidManifest.xml:13:5-32:19
34        android:allowBackup="true"
34-->src\main\AndroidManifest.xml:14:9-35
35        android:appComponentFactory="androidx.core.app.CoreComponentFactory"
35-->[androidx.core:core:1.17.0] AndroidManifest.xml:28:18-86
36        android:dataExtractionRules="@xml/data_extraction_rules"
36-->src\main\AndroidManifest.xml:15:9-65
37        android:debuggable="true"
38        android:extractNativeLibs="false"
39        android:fullBackupContent="@xml/backup_rules"
39-->src\main\AndroidManifest.xml:16:9-54
40        android:icon="@mipmap/ic_launcher"
40-->src\main\AndroidManifest.xml:17:9-43
41        android:label="@string/app_name"
41-->src\main\AndroidManifest.xml:18:9-41
42        android:roundIcon="@mipmap/ic_launcher_round"
42-->src\main\AndroidManifest.xml:19:9-54
43        android:supportsRtl="true"
43-->src\main\AndroidManifest.xml:20:9-35
44        android:testOnly="true"
45        android:theme="@style/Theme.AppDeepS" >
45-->src\main\AndroidManifest.xml:21:9-46
46        <activity
46-->src\main\AndroidManifest.xml:22:9-31:20
47            android:name="com.example.appdeeps.MainActivity"
47-->src\main\AndroidManifest.xml:23:13-41
48            android:exported="true"
48-->src\main\AndroidManifest.xml:24:13-36
49            android:label="@string/app_name"
49-->src\main\AndroidManifest.xml:25:13-45
50            android:theme="@style/Theme.AppDeepS" >
50-->src\main\AndroidManifest.xml:26:13-50
51            <intent-filter>
51-->src\main\AndroidManifest.xml:27:13-30:29
52                <action android:name="android.intent.action.MAIN" />
52-->src\main\AndroidManifest.xml:28:17-69
52-->src\main\AndroidManifest.xml:28:25-66
53
54                <category android:name="android.intent.category.LAUNCHER" />
54-->src\main\AndroidManifest.xml:29:17-77
54-->src\main\AndroidManifest.xml:29:27-74
55            </intent-filter>
56        </activity>
57        <activity
57-->[androidx.compose.ui:ui-test-manifest:1.9.2] AndroidManifest.xml:23:9-26:79
58            android:name="androidx.activity.ComponentActivity"
58-->[androidx.compose.ui:ui-test-manifest:1.9.2] AndroidManifest.xml:24:13-63
59            android:exported="true"
59-->[androidx.compose.ui:ui-test-manifest:1.9.2] AndroidManifest.xml:25:13-36
60            android:theme="@android:style/Theme.Material.Light.NoActionBar" />
60-->[androidx.compose.ui:ui-test-manifest:1.9.2] AndroidManifest.xml:26:13-76
61        <activity
61-->[androidx.compose.ui:ui-tooling-android:1.9.2] AndroidManifest.xml:23:9-25:39
62            android:name="androidx.compose.ui.tooling.PreviewActivity"
62-->[androidx.compose.ui:ui-tooling-android:1.9.2] AndroidManifest.xml:24:13-71
63            android:exported="true" />
63-->[androidx.compose.ui:ui-tooling-android:1.9.2] AndroidManifest.xml:25:13-36
64
65        <receiver
65-->[com.google.android.gms:play-services-measurement:21.5.0] AndroidManifest.xml:29:9-33:20
66            android:name="com.google.android.gms.measurement.AppMeasurementReceiver"
66-->[com.google.android.gms:play-services-measurement:21.5.0] AndroidManifest.xml:30:13-85
67            android:enabled="true"
67-->[com.google.android.gms:play-services-measurement:21.5.0] AndroidManifest.xml:31:13-35
68            android:exported="false" >
68-->[com.google.android.gms:play-services-measurement:21.5.0] AndroidManifest.xml:32:13-37
69        </receiver>
70
71        <service
71-->[com.google.android.gms:play-services-measurement:21.5.0] AndroidManifest.xml:35:9-38:40
72            android:name="com.google.android.gms.measurement.AppMeasurementService"
72-->[com.google.android.gms:play-services-measurement:21.5.0] AndroidManifest.xml:36:13-84
73            android:enabled="true"
73-->[com.google.android.gms:play-services-measurement:21.5.0] AndroidManifest.xml:37:13-35
74            android:exported="false" />
74-->[com.google.android.gms:play-services-measurement:21.5.0] AndroidManifest.xml:38:13-37
75        <service
75-->[com.google.android.gms:play-services-measurement:21.5.0] AndroidManifest.xml:39:9-43:72
76            android:name="com.google.android.gms.measurement.AppMeasurementJobService"
76-->[com.google.android.gms:play-services-measurement:21.5.0] AndroidManifest.xml:40:13-87
77            android:enabled="true"
77-->[com.google.android.gms:play-services-measurement:21.5.0] AndroidManifest.xml:41:13-35
78            android:exported="false"
78-->[com.google.android.gms:play-services-measurement:21.5.0] AndroidManifest.xml:42:13-37
79            android:permission="android.permission.BIND_JOB_SERVICE" />
79-->[com.google.android.gms:play-services-measurement:21.5.0] AndroidManifest.xml:43:13-69
80
81        <property
81-->[com.google.android.gms:play-services-measurement-api:21.5.0] AndroidManifest.xml:30:9-32:61
82            android:name="android.adservices.AD_SERVICES_CONFIG"
82-->[com.google.android.gms:play-services-measurement-api:21.5.0] AndroidManifest.xml:31:13-65
83            android:resource="@xml/ga_ad_services_config" />
83-->[com.google.android.gms:play-services-measurement-api:21.5.0] AndroidManifest.xml:32:13-58
84
85        <service
85-->[com.google.android.gms:play-services-measurement-api:21.5.0] AndroidManifest.xml:34:9-40:19
86            android:name="com.google.firebase.components.ComponentDiscoveryService"
86-->[com.google.android.gms:play-services-measurement-api:21.5.0] AndroidManifest.xml:35:13-84
87            android:directBootAware="true"
87-->[com.google.firebase:firebase-common:20.4.2] AndroidManifest.xml:32:13-43
88            android:exported="false" >
88-->[com.google.android.gms:play-services-measurement-api:21.5.0] AndroidManifest.xml:36:13-37
89            <meta-data
89-->[com.google.android.gms:play-services-measurement-api:21.5.0] AndroidManifest.xml:37:13-39:85
90                android:name="com.google.firebase.components:com.google.firebase.analytics.connector.internal.AnalyticsConnectorRegistrar"
90-->[com.google.android.gms:play-services-measurement-api:21.5.0] AndroidManifest.xml:38:17-139
91                android:value="com.google.firebase.components.ComponentRegistrar" />
91-->[com.google.android.gms:play-services-measurement-api:21.5.0] AndroidManifest.xml:39:17-82
92            <meta-data
92-->[com.google.firebase:firebase-database-ktx:20.3.0] AndroidManifest.xml:12:13-14:85
93                android:name="com.google.firebase.components:com.google.firebase.database.ktx.FirebaseDatabaseLegacyRegistrar"
93-->[com.google.firebase:firebase-database-ktx:20.3.0] AndroidManifest.xml:13:17-127
94                android:value="com.google.firebase.components.ComponentRegistrar" />
94-->[com.google.firebase:firebase-database-ktx:20.3.0] AndroidManifest.xml:14:17-82
95            <meta-data
95-->[com.google.firebase:firebase-database:20.3.0] AndroidManifest.xml:29:13-31:85
96                android:name="com.google.firebase.components:com.google.firebase.database.FirebaseDatabaseKtxRegistrar"
96-->[com.google.firebase:firebase-database:20.3.0] AndroidManifest.xml:30:17-120
97                android:value="com.google.firebase.components.ComponentRegistrar" />
97-->[com.google.firebase:firebase-database:20.3.0] AndroidManifest.xml:31:17-82
98            <meta-data
98-->[com.google.firebase:firebase-database:20.3.0] AndroidManifest.xml:32:13-34:85
99                android:name="com.google.firebase.components:com.google.firebase.database.DatabaseRegistrar"
99-->[com.google.firebase:firebase-database:20.3.0] AndroidManifest.xml:33:17-109
100                android:value="com.google.firebase.components.ComponentRegistrar" />
100-->[com.google.firebase:firebase-database:20.3.0] AndroidManifest.xml:34:17-82
101            <meta-data
101-->[com.google.firebase:firebase-installations:17.2.0] AndroidManifest.xml:15:13-17:85
102                android:name="com.google.firebase.components:com.google.firebase.installations.FirebaseInstallationsKtxRegistrar"
102-->[com.google.firebase:firebase-installations:17.2.0] AndroidManifest.xml:16:17-130
103                android:value="com.google.firebase.components.ComponentRegistrar" />
103-->[com.google.firebase:firebase-installations:17.2.0] AndroidManifest.xml:17:17-82
104            <meta-data
104-->[com.google.firebase:firebase-installations:17.2.0] AndroidManifest.xml:18:13-20:85
105                android:name="com.google.firebase.components:com.google.firebase.installations.FirebaseInstallationsRegistrar"
105-->[com.google.firebase:firebase-installations:17.2.0] AndroidManifest.xml:19:17-127
106                android:value="com.google.firebase.components.ComponentRegistrar" />
106-->[com.google.firebase:firebase-installations:17.2.0] AndroidManifest.xml:20:17-82
107            <meta-data
107-->[com.google.firebase:firebase-common-ktx:20.4.2] AndroidManifest.xml:12:13-14:85
108                android:name="com.google.firebase.components:com.google.firebase.ktx.FirebaseCommonLegacyRegistrar"
108-->[com.google.firebase:firebase-common-ktx:20.4.2] AndroidManifest.xml:13:17-116
109                android:value="com.google.firebase.components.ComponentRegistrar" />
109-->[com.google.firebase:firebase-common-ktx:20.4.2] AndroidManifest.xml:14:17-82
110            <meta-data
110-->[com.google.firebase:firebase-common:20.4.2] AndroidManifest.xml:35:13-37:85
111                android:name="com.google.firebase.components:com.google.firebase.FirebaseCommonKtxRegistrar"
111-->[com.google.firebase:firebase-common:20.4.2] AndroidManifest.xml:36:17-109
112                android:value="com.google.firebase.components.ComponentRegistrar" />
112-->[com.google.firebase:firebase-common:20.4.2] AndroidManifest.xml:37:17-82
113        </service>
114
115        <provider
115-->[com.google.firebase:firebase-common:20.4.2] AndroidManifest.xml:23:9-28:39
116            android:name="com.google.firebase.provider.FirebaseInitProvider"
116-->[com.google.firebase:firebase-common:20.4.2] AndroidManifest.xml:24:13-77
117            android:authorities="com.example.appdeeps.firebaseinitprovider"
117-->[com.google.firebase:firebase-common:20.4.2] AndroidManifest.xml:25:13-72
118            android:directBootAware="true"
118-->[com.google.firebase:firebase-common:20.4.2] AndroidManifest.xml:26:13-43
119            android:exported="false"
119-->[com.google.firebase:firebase-common:20.4.2] AndroidManifest.xml:27:13-37
120            android:initOrder="100" />
120-->[com.google.firebase:firebase-common:20.4.2] AndroidManifest.xml:28:13-36
121
122        <activity
122-->[com.google.android.gms:play-services-base:18.1.0] AndroidManifest.xml:20:9-22:45
123            android:name="com.google.android.gms.common.api.GoogleApiActivity"
123-->[com.google.android.gms:play-services-base:18.1.0] AndroidManifest.xml:20:19-85
124            android:exported="false"
124-->[com.google.android.gms:play-services-base:18.1.0] AndroidManifest.xml:22:19-43
125            android:theme="@android:style/Theme.Translucent.NoTitleBar" />
125-->[com.google.android.gms:play-services-base:18.1.0] AndroidManifest.xml:21:19-78
126
127        <provider
127-->[androidx.emoji2:emoji2:1.4.0] AndroidManifest.xml:24:9-32:20
128            android:name="androidx.startup.InitializationProvider"
128-->[androidx.emoji2:emoji2:1.4.0] AndroidManifest.xml:25:13-67
129            android:authorities="com.example.appdeeps.androidx-startup"
129-->[androidx.emoji2:emoji2:1.4.0] AndroidManifest.xml:26:13-68
130            android:exported="false" >
130-->[androidx.emoji2:emoji2:1.4.0] AndroidManifest.xml:27:13-37
131            <meta-data
131-->[androidx.emoji2:emoji2:1.4.0] AndroidManifest.xml:29:13-31:52
132                android:name="androidx.emoji2.text.EmojiCompatInitializer"
132-->[androidx.emoji2:emoji2:1.4.0] AndroidManifest.xml:30:17-75
133                android:value="androidx.startup" />
133-->[androidx.emoji2:emoji2:1.4.0] AndroidManifest.xml:31:17-49
134            <meta-data
134-->[androidx.lifecycle:lifecycle-process:2.10.0] AndroidManifest.xml:29:13-31:52
135                android:name="androidx.lifecycle.ProcessLifecycleInitializer"
135-->[androidx.lifecycle:lifecycle-process:2.10.0] AndroidManifest.xml:30:17-78
136                android:value="androidx.startup" />
136-->[androidx.lifecycle:lifecycle-process:2.10.0] AndroidManifest.xml:31:17-49
137            <meta-data
137-->[androidx.profileinstaller:profileinstaller:1.4.0] AndroidManifest.xml:29:13-31:52
138                android:name="androidx.profileinstaller.ProfileInstallerInitializer"
138-->[androidx.profileinstaller:profileinstaller:1.4.0] AndroidManifest.xml:30:17-85
139                android:value="androidx.startup" />
139-->[androidx.profileinstaller:profileinstaller:1.4.0] AndroidManifest.xml:31:17-49
140        </provider>
141
142        <uses-library
142-->[androidx.window:window:1.0.0] AndroidManifest.xml:25:9-27:40
143            android:name="androidx.window.extensions"
143-->[androidx.window:window:1.0.0] AndroidManifest.xml:26:13-54
144            android:required="false" />
144-->[androidx.window:window:1.0.0] AndroidManifest.xml:27:13-37
145        <uses-library
145-->[androidx.window:window:1.0.0] AndroidManifest.xml:28:9-30:40
146            android:name="androidx.window.sidecar"
146-->[androidx.window:window:1.0.0] AndroidManifest.xml:29:13-51
147            android:required="false" />
147-->[androidx.window:window:1.0.0] AndroidManifest.xml:30:13-37
148
149        <receiver
149-->[androidx.profileinstaller:profileinstaller:1.4.0] AndroidManifest.xml:34:9-52:20
150            android:name="androidx.profileinstaller.ProfileInstallReceiver"
150-->[androidx.profileinstaller:profileinstaller:1.4.0] AndroidManifest.xml:35:13-76
151            android:directBootAware="false"
151-->[androidx.profileinstaller:profileinstaller:1.4.0] AndroidManifest.xml:36:13-44
152            android:enabled="true"
152-->[androidx.profileinstaller:profileinstaller:1.4.0] AndroidManifest.xml:37:13-35
153            android:exported="true"
153-->[androidx.profileinstaller:profileinstaller:1.4.0] AndroidManifest.xml:38:13-36
154            android:permission="android.permission.DUMP" >
154-->[androidx.profileinstaller:profileinstaller:1.4.0] AndroidManifest.xml:39:13-57
155            <intent-filter>
155-->[androidx.profileinstaller:profileinstaller:1.4.0] AndroidManifest.xml:40:13-42:29
156                <action android:name="androidx.profileinstaller.action.INSTALL_PROFILE" />
156-->[androidx.profileinstaller:profileinstaller:1.4.0] AndroidManifest.xml:41:17-91
156-->[androidx.profileinstaller:profileinstaller:1.4.0] AndroidManifest.xml:41:25-88
157            </intent-filter>
158            <intent-filter>
158-->[androidx.profileinstaller:profileinstaller:1.4.0] AndroidManifest.xml:43:13-45:29
159                <action android:name="androidx.profileinstaller.action.SKIP_FILE" />
159-->[androidx.profileinstaller:profileinstaller:1.4.0] AndroidManifest.xml:44:17-85
159-->[androidx.profileinstaller:profileinstaller:1.4.0] AndroidManifest.xml:44:25-82
160            </intent-filter>
161            <intent-filter>
161-->[androidx.profileinstaller:profileinstaller:1.4.0] AndroidManifest.xml:46:13-48:29
162                <action android:name="androidx.profileinstaller.action.SAVE_PROFILE" />
162-->[androidx.profileinstaller:profileinstaller:1.4.0] AndroidManifest.xml:47:17-88
162-->[androidx.profileinstaller:profileinstaller:1.4.0] AndroidManifest.xml:47:25-85
163            </intent-filter>
164            <intent-filter>
164-->[androidx.profileinstaller:profileinstaller:1.4.0] AndroidManifest.xml:49:13-51:29
165                <action android:name="androidx.profileinstaller.action.BENCHMARK_OPERATION" />
165-->[androidx.profileinstaller:profileinstaller:1.4.0] AndroidManifest.xml:50:17-95
165-->[androidx.profileinstaller:profileinstaller:1.4.0] AndroidManifest.xml:50:25-92
166            </intent-filter>
167        </receiver>
168
169        <uses-library
169-->[androidx.privacysandbox.ads:ads-adservices:1.0.0-beta05] AndroidManifest.xml:23:9-25:40
170            android:name="android.ext.adservices"
170-->[androidx.privacysandbox.ads:ads-adservices:1.0.0-beta05] AndroidManifest.xml:24:13-50
171            android:required="false" />
171-->[androidx.privacysandbox.ads:ads-adservices:1.0.0-beta05] AndroidManifest.xml:25:13-37
172
173        <meta-data
173-->[com.google.android.gms:play-services-basement:18.1.0] AndroidManifest.xml:21:9-23:69
174            android:name="com.google.android.gms.version"
174-->[com.google.android.gms:play-services-basement:18.1.0] AndroidManifest.xml:22:13-58
175            android:value="@integer/google_play_services_version" />
175-->[com.google.android.gms:play-services-basement:18.1.0] AndroidManifest.xml:23:13-66
176    </application>
177
178</manifest>